{"C:/Users/Chino/Documents/Codex/vue-test-app/src/App.vue": {"path":"C:/Users/Chino/Documents/Codex/vue-test-app/src/App.vue","statementMap":{"0":{"start":{"line":5,"column":2},"end":{"line":5,"column":null}}},"fnMap":{"0":{"name":"(anonymous_0)","decl":{"start":{"line":5,"column":2},"end":{"line":5,"column":null}},"loc":{"start":{"line":5,"column":2},"end":{"line":5,"column":null}}}},"branchMap":{},"s":{"0":0},"f":{"0":0},"b":{}}
,"C:/Users/Chino/Documents/Codex/vue-test-app/src/main.js": {"path":"C:/Users/Chino/Documents/Codex/vue-test-app/src/main.js","statementMap":{"0":{"start":{"line":7,"column":14},"end":{"line":7,"column":27}},"1":{"start":{"line":8,"column":12},"end":{"line":8,"column":26}},"2":{"start":{"line":10,"column":0},"end":{"line":10,"column":14}},"3":{"start":{"line":11,"column":0},"end":{"line":11,"column":15}},"4":{"start":{"line":12,"column":0},"end":{"line":12,"column":17}}},"fnMap":{},"branchMap":{},"s":{"0":0,"1":0,"2":0,"3":0,"4":0},"f":{},"b":{}}
,"C:/Users/Chino/Documents/Codex/vue-test-app/src/router.ts": {"path":"C:/Users/Chino/Documents/Codex/vue-test-app/src/router.ts","statementMap":{"0":{"start":{"line":5,"column":20},"end":{"line":11,"column":null}}},"fnMap":{},"branchMap":{},"s":{"0":0},"f":{},"b":{}}
,"C:/Users/Chino/Documents/Codex/vue-test-app/src/components/HelloWorld.vue": {"path":"C:/Users/Chino/Documents/Codex/vue-test-app/src/components/HelloWorld.vue","statementMap":{"0":{"start":{"line":8,"column":13},"end":{"line":8,"column":null}},"1":{"start":{"line":12,"column":14},"end":{"line":12,"column":null}},"2":{"start":{"line":16,"column":14},"end":{"line":16,"column":null}},"3":{"start":{"line":18,"column":18},"end":{"line":20,"column":null}},"4":{"start":{"line":19,"column":2},"end":{"line":19,"column":null}},"5":{"start":{"line":22,"column":29},"end":{"line":24,"column":null}},"6":{"start":{"line":23,"column":2},"end":{"line":23,"column":null}},"7":{"start":{"line":26,"column":18},"end":{"line":28,"column":null}},"8":{"start":{"line":27,"column":2},"end":{"line":27,"column":null}},"9":{"start":{"line":29,"column":0},"end":{"line":34,"column":null}},"10":{"start":{"line":29,"column":12},"end":{"line":29,"column":23}},"11":{"start":{"line":31,"column":2},"end":{"line":31,"column":null}},"12":{"start":{"line":31,"column":14},"end":{"line":31,"column":null}},"13":{"start":{"line":32,"column":2},"end":{"line":32,"column":null}},"14":{"start":{"line":36,"column":24},"end":{"line":36,"column":null}},"15":{"start":{"line":36,"column":39},"end":{"line":36,"column":63}},"16":{"start":{"line":69,"column":2},"end":{"line":69,"column":76}}},"fnMap":{"0":{"name":"(anonymous_1)","decl":{"start":{"line":18,"column":18},"end":{"line":18,"column":24}},"loc":{"start":{"line":18,"column":24},"end":{"line":20,"column":null}}},"1":{"name":"(anonymous_2)","decl":{"start":{"line":22,"column":29},"end":{"line":22,"column":35}},"loc":{"start":{"line":22,"column":35},"end":{"line":24,"column":null}}},"2":{"name":"(anonymous_3)","decl":{"start":{"line":26,"column":18},"end":{"line":26,"column":24}},"loc":{"start":{"line":26,"column":24},"end":{"line":28,"column":null}}},"3":{"name":"(anonymous_4)","decl":{"start":{"line":29,"column":6},"end":{"line":29,"column":12}},"loc":{"start":{"line":29,"column":12},"end":{"line":29,"column":23}}},"4":{"name":"(anonymous_5)","decl":{"start":{"line":29,"column":23},"end":{"line":29,"column":24}},"loc":{"start":{"line":29,"column":39},"end":{"line":34,"column":1}}},"5":{"name":"(anonymous_6)","decl":{"start":{"line":36,"column":33},"end":{"line":36,"column":39}},"loc":{"start":{"line":36,"column":39},"end":{"line":36,"column":63}}},"6":{"name":"(anonymous_11)","decl":{"start":{"line":69,"column":2},"end":{"line":69,"column":5}},"loc":{"start":{"line":69,"column":2},"end":{"line":69,"column":76}}}},"branchMap":{"0":{"loc":{"start":{"line":31,"column":2},"end":{"line":31,"column":null}},"type":"if","locations":[{"start":{"line":31,"column":2},"end":{"line":31,"column":null}},{"start":{"line":31,"column":2},"end":{"line":31,"column":null}}]}},"s":{"0":7,"1":7,"2":7,"3":7,"4":0,"5":7,"6":1,"7":7,"8":1,"9":7,"10":8,"11":1,"12":0,"13":1,"14":7,"15":0,"16":2},"f":{"0":0,"1":1,"2":1,"3":8,"4":1,"5":0,"6":1},"b":{"0":[0,1]}}
,"C:/Users/Chino/Documents/Codex/vue-test-app/src/components/TitleComponent.vue": {"path":"C:/Users/Chino/Documents/Codex/vue-test-app/src/components/TitleComponent.vue","statementMap":{"0":{"start":{"line":9,"column":2},"end":{"line":9,"column":22}}},"fnMap":{},"branchMap":{},"s":{"0":1},"f":{},"b":{}}
,"C:/Users/Chino/Documents/Codex/vue-test-app/src/stores/appStore.ts": {"path":"C:/Users/Chino/Documents/Codex/vue-test-app/src/stores/appStore.ts","statementMap":{"0":{"start":{"line":3,"column":28},"end":{"line":13,"column":null}},"1":{"start":{"line":4,"column":18},"end":{"line":4,"column":null}},"2":{"start":{"line":6,"column":32},"end":{"line":6,"column":null}},"3":{"start":{"line":10,"column":8},"end":{"line":10,"column":null}}},"fnMap":{"0":{"name":"(anonymous_0)","decl":{"start":{"line":4,"column":11},"end":{"line":4,"column":18}},"loc":{"start":{"line":4,"column":18},"end":{"line":4,"column":null}}},"1":{"name":"(anonymous_1)","decl":{"start":{"line":6,"column":21},"end":{"line":6,"column":22}},"loc":{"start":{"line":6,"column":32},"end":{"line":6,"column":null}}},"2":{"name":"(anonymous_2)","decl":{"start":{"line":9,"column":6},"end":{"line":9,"column":20}},"loc":{"start":{"line":9,"column":33},"end":{"line":11,"column":null}}}},"branchMap":{},"s":{"0":2,"1":6,"2":8,"3":0},"f":{"0":6,"1":8,"2":0},"b":{}}
,"C:/Users/Chino/Documents/Codex/vue-test-app/src/utils/wrapperFactory.ts": {"path":"C:/Users/Chino/Documents/Codex/vue-test-app/src/utils/wrapperFactory.ts","statementMap":{"0":{"start":{"line":5,"column":23},"end":{"line":11,"column":null}},"1":{"start":{"line":5,"column":38},"end":{"line":11,"column":null}}},"fnMap":{"0":{"name":"(anonymous_0)","decl":{"start":{"line":5,"column":23},"end":{"line":5,"column":24}},"loc":{"start":{"line":5,"column":38},"end":{"line":11,"column":null}}}},"branchMap":{},"s":{"0":1,"1":5},"f":{"0":5},"b":{}}
,"C:/Users/Chino/Documents/Codex/vue-test-app/src/views/AboutView.vue": {"path":"C:/Users/Chino/Documents/Codex/vue-test-app/src/views/AboutView.vue","statementMap":{"0":{"start":{"line":7,"column":14},"end":{"line":7,"column":null}},"1":{"start":{"line":8,"column":22},"end":{"line":8,"column":null}},"2":{"start":{"line":9,"column":26},"end":{"line":9,"column":null}},"3":{"start":{"line":10,"column":13},"end":{"line":10,"column":null}},"4":{"start":{"line":14,"column":29},"end":{"line":16,"column":null}},"5":{"start":{"line":15,"column":2},"end":{"line":15,"column":null}},"6":{"start":{"line":37,"column":77},"end":{"line":37,"column":104}},"7":{"start":{"line":38,"column":18},"end":{"line":38,"column":50}}},"fnMap":{"0":{"name":"(anonymous_1)","decl":{"start":{"line":14,"column":29},"end":{"line":14,"column":35}},"loc":{"start":{"line":14,"column":35},"end":{"line":16,"column":null}}},"1":{"name":"(anonymous_3)","decl":{"start":{"line":37,"column":75},"end":{"line":37,"column":77}},"loc":{"start":{"line":37,"column":77},"end":{"line":37,"column":104}}},"2":{"name":"(anonymous_4)","decl":{"start":{"line":38,"column":16},"end":{"line":38,"column":18}},"loc":{"start":{"line":38,"column":18},"end":{"line":38,"column":50}}}},"branchMap":{"0":{"loc":{"start":{"line":37,"column":104},"end":{"line":1,"column":null}},"type":"cond-expr","locations":[{"start":{"line":37,"column":104},"end":{"line":1,"column":-1}},{"start":{"line":1,"column":0},"end":{"line":1,"column":null}}]},"1":{"loc":{"start":{"line":37,"column":75},"end":{"line":37,"column":104}},"type":"binary-expr","locations":[{"start":{"line":37,"column":75},"end":{"line":37,"column":77}},{"start":{"line":37,"column":75},"end":{"line":37,"column":104}}]},"2":{"loc":{"start":{"line":38,"column":16},"end":{"line":38,"column":50}},"type":"binary-expr","locations":[{"start":{"line":38,"column":16},"end":{"line":38,"column":18}},{"start":{"line":38,"column":16},"end":{"line":38,"column":50}}]}},"s":{"0":0,"1":0,"2":0,"3":0,"4":0,"5":0,"6":0,"7":0},"f":{"0":0,"1":0,"2":0},"b":{"0":[0,0],"1":[0,0],"2":[0,0]}}
,"C:/Users/Chino/Documents/Codex/vue-test-app/src/views/HomeView.vue": {"path":"C:/Users/Chino/Documents/Codex/vue-test-app/src/views/HomeView.vue","statementMap":{"0":{"start":{"line":9,"column":15},"end":{"line":9,"column":null}},"1":{"start":{"line":10,"column":26},"end":{"line":10,"column":null}},"2":{"start":{"line":12,"column":0},"end":{"line":14,"column":null}},"3":{"start":{"line":13,"column":2},"end":{"line":13,"column":null}},"4":{"start":{"line":18,"column":20},"end":{"line":18,"column":43}}},"fnMap":{"0":{"name":"(anonymous_1)","decl":{"start":{"line":12,"column":21},"end":{"line":12,"column":27}},"loc":{"start":{"line":12,"column":27},"end":{"line":14,"column":1}}},"1":{"name":"(anonymous_4)","decl":{"start":{"line":18,"column":18},"end":{"line":18,"column":20}},"loc":{"start":{"line":18,"column":20},"end":{"line":18,"column":43}}}},"branchMap":{"0":{"loc":{"start":{"line":17,"column":60},"end":{"line":1,"column":null}},"type":"cond-expr","locations":[{"start":{"line":17,"column":74},"end":{"line":17,"column":60}},{"start":{"line":1,"column":0},"end":{"line":1,"column":null}}]},"1":{"loc":{"start":{"line":18,"column":18},"end":{"line":18,"column":43}},"type":"binary-expr","locations":[{"start":{"line":18,"column":18},"end":{"line":18,"column":20}},{"start":{"line":18,"column":18},"end":{"line":18,"column":43}}]}},"s":{"0":6,"1":6,"2":6,"3":3,"4":1},"f":{"0":3,"1":1},"b":{"0":[3,6],"1":[9,6]}}
}
